{"resource-id":"paper-submission-file_rc","action-id":"write","role":"pc-chair"}
{"action-id":"delete","role":"subreviewer","subjReviewsThisResPaper":"true"}
{"resource-id":"paper-review-info-submissionStatus_rc","action-id":"write","role":"pc-chair"}
{"action-id":"create","role":"pc-member","subjReviewsThisResPaper":"true"}
{"resource-id":"pcMember-info_rc","action-id":"create","role":"admin"}
{"action-id":"write","role":"pc-member","subjReviewsThisResPaper":"true"}
{"resource-id":"pcMember-info_rc","action-id":"read","role":"admin"}
{"action-id":"read","role":"pc-chair","subjReviewsThisResPaper":"true"}
{"resource-id":"pcMember-info-isChairFlag_rc","action-id":"write","role":"pc-member"}
{"action-id":"create","role":"admin","subjReviewsThisResPaper":"true"}
{"resource-id":"isMeetingFlag_rc","action-id":"delete","role":"pc-chair"}
{"action-id":"create","role":"pc-member","subjReviewsThisResPaper":"true"}
{"resource-id":"pcMember-assignments_rc","action-id":"delete","role":"pc-chair"}
{"action-id":"delete","role":"pc-chair","subjReviewsThisResPaper":"false"}
{"resource-id":"pcMember-info-password_rc","action-id":"delete","role":"admin"}
{"action-id":"read","role":"admin","subjReviewsThisResPaper":"false"}
{"resource-id":"paper-conflicts_rc","action-id":"create","role":"pc-chair"}
{"action-id":"create","role":"subreviewer","subjReviewsThisResPaper":"false"}
{"resource-id":"paper-review-content-commentsPc_rc","action-id":"write","role":"pc-chair"}
{"action-id":"create","role":"pc-member","subjReviewsThisResPaper":"false"}
{"resource-id":"pcMember-info_rc","action-id":"create","role":"admin"}
{"action-id":"read","role":"pc-member","subjReviewsThisResPaper":"true"}
{"resource-id":"conferenceInfo_rc","action-id":"write","role":"pc-member"}
{"action-id":"write","role":"subreviewer","subjReviewsThisResPaper":"true"}
{"resource-id":"conference_rc","action-id":"create","role":"subreviewer"}
{"action-id":"read","role":"subreviewer","subjReviewsThisResPaper":"false"}
{"resource-id":"paper-assignments_rc","action-id":"create","role":"pc-chair"}
{"action-id":"create","role":"pc-chair","subjReviewsThisResPaper":"false"}
{"resource-id":"paper_rc","action-id":"delete","role":"pc-chair"}
{"action-id":"delete","role":"pc-chair","subjReviewsThisResPaper":"false"}
{"resource-id":"pcMember-assignments_rc","action-id":"create","role":"admin"}
{"action-id":"delete","role":"admin","subjReviewsThisResPaper":"true"}
{"resource-id":"paper-review-content-commentsAll_rc","action-id":"create","role":"admin"}
{"action-id":"create","role":"pc-chair","subjReviewsThisResPaper":"true"}
{"resource-id":"paper-submission_rc","action-id":"delete","role":"admin"}
{"action-id":"read","role":"pc-chair","subjReviewsThisResPaper":"true"}
{"resource-id":"paper-review-content_rc","action-id":"read","role":"subreviewer"}
{"action-id":"read","role":"pc-member","subjReviewsThisResPaper":"true"}
{"resource-id":"pcMember-info_rc","action-id":"delete","role":"subreviewer"}
{"action-id":"delete","role":"subreviewer","subjReviewsThisResPaper":"true"}
{"resource-id":"pcMember-assignmentCount_rc","action-id":"read","role":"subreviewer"}
{"action-id":"write","role":"admin","subjReviewsThisResPaper":"true"}
{"resource-id":"isMeetingFlag_rc","action-id":"write","role":"admin"}
{"action-id":"delete","role":"subreviewer","subjReviewsThisResPaper":"true"}
{"resource-id":"paper-review-info-reviewer_rc","action-id":"write","role":"pc-member"}
{"action-id":"read","role":"admin","subjReviewsThisResPaper":"false"}
{"resource-id":"conferenceInfo_rc","action-id":"read","role":"admin"}
{"action-id":"read","role":"subreviewer","subjReviewsThisResPaper":"true"}
{"resource-id":"paper-review-info-reviewer_rc","action-id":"read","role":"subreviewer"}
{"action-id":"write","role":"pc-member","subjReviewsThisResPaper":"false"}
{"resource-id":"paper-decision_rc","action-id":"write","role":"subreviewer"}
{"action-id":"read","role":"pc-member","subjReviewsThisResPaper":"true"}
{"resource-id":"paper-decision_rc","action-id":"read","role":"subreviewer"}
{"action-id":"delete","role":"subreviewer","subjReviewsThisResPaper":"false"}
{"resource-id":"paper-review-info-submissionStatus_rc","action-id":"read","role":"pc-member"}
{"action-id":"read","role":"pc-member","subjReviewsThisResPaper":"true"}
{"resource-id":"paper-review-content_rc","action-id":"create","role":"subreviewer"}
{"action-id":"create","role":"subreviewer","subjReviewsThisResPaper":"true"}
{"resource-id":"conference_rc","action-id":"write","role":"pc-chair"}
{"action-id":"delete","role":"admin","subjReviewsThisResPaper":"true"}
{"resource-id":"pcMember-info-isChairFlag_rc","action-id":"create","role":"subreviewer"}
{"action-id":"create","role":"pc-chair","subjReviewsThisResPaper":"false"}
{"resource-id":"pcMember_rc","action-id":"read","role":"pc-member"}
{"action-id":"delete","role":"admin","subjReviewsThisResPaper":"false"}
{"resource-id":"pcMember-info-password_rc","action-id":"write","role":"subreviewer"}
{"action-id":"create","role":"pc-chair","subjReviewsThisResPaper":"false"}
{"resource-id":"conferenceInfo_rc","action-id":"write","role":"pc-member"}
{"action-id":"delete","role":"subreviewer","subjReviewsThisResPaper":"false"}
{"resource-id":"paper-submission_rc","action-id":"read","role":"pc-chair"}
{"action-id":"write","role":"subreviewer","subjReviewsThisResPaper":"true"}
{"resource-id":"pcMember-info-password_rc","action-id":"create","role":"pc-chair"}
{"action-id":"read","role":"pc-member","subjReviewsThisResPaper":"true"}
{"resource-id":"isMeetingFlag_rc","action-id":"write","role":"pc-chair"}
{"action-id":"write","role":"admin","subjReviewsThisResPaper":"false"}
{"resource-id":"paper-assignments_rc","action-id":"create","role":"admin"}
{"action-id":"delete","role":"pc-chair","subjReviewsThisResPaper":"true"}
{"resource-id":"paper_rc","action-id":"write","role":"admin"}
{"action-id":"write","role":"pc-chair","subjReviewsThisResPaper":"false"}
{"resource-id":"paper-review-content-rating_rc","action-id":"write","role":"admin"}
{"action-id":"create","role":"pc-member","subjReviewsThisResPaper":"false"}
{"resource-id":"pcMember-info-isChairFlag_rc","action-id":"create","role":"admin"}
{"action-id":"write","role":"subreviewer","subjReviewsThisResPaper":"false"}
{"resource-id":"paper-review-info-submissionStatus_rc","action-id":"write","role":"pc-member"}
{"action-id":"create","role":"subreviewer","subjReviewsThisResPaper":"false"}
{"resource-id":"paper-review_rc","action-id":"create","role":"pc-chair"}
{"action-id":"write","role":"pc-member","subjReviewsThisResPaper":"false"}
{"resource-id":"paper-conflicts_rc","action-id":"create","role":"pc-chair"}
{"action-id":"delete","role":"pc-member","subjReviewsThisResPaper":"false"}
{"resource-id":"paper-submission-file_rc","action-id":"write","role":"subreviewer"}
{"action-id":"create","role":"pc-chair","subjReviewsThisResPaper":"true"}
{"resource-id":"isMeetingFlag_rc","action-id":"create","role":"admin"}
{"action-id":"create","role":"admin","subjReviewsThisResPaper":"false"}
{"resource-id":"pcMember_rc","action-id":"read","role":"pc-chair"}
{"action-id":"create","role":"pc-chair","subjReviewsThisResPaper":"true"}
{"resource-id":"conferenceInfo_rc","action-id":"delete","role":"subreviewer"}
{"action-id":"delete","role":"admin","subjReviewsThisResPaper":"false"}
{"resource-id":"paper-assignments_rc","action-id":"delete","role":"pc-chair"}
{"action-id":"delete","role":"pc-member","subjReviewsThisResPaper":"false"}
{"resource-id":"pcMember-info-isChairFlag_rc","action-id":"delete","role":"subreviewer"}
{"action-id":"read","role":"pc-member","subjReviewsThisResPaper":"true"}
{"resource-id":"paper-review-info_rc","action-id":"create","role":"pc-member"}
{"action-id":"create","role":"subreviewer","subjReviewsThisResPaper":"false"}
{"resource-id":"pcMember-conflicts_rc","action-id":"create","role":"subreviewer"}
{"action-id":"write","role":"pc-member","subjReviewsThisResPaper":"false"}
{"resource-id":"pcMember_rc","action-id":"write","role":"pc-chair"}
{"action-id":"create","role":"admin","subjReviewsThisResPaper":"false"}
{"resource-id":"pcMember-info-password_rc","action-id":"read","role":"admin"}
{"action-id":"create","role":"pc-chair","subjReviewsThisResPaper":"false"}
{"resource-id":"pcMember-info-password_rc","action-id":"delete","role":"pc-member"}
{"action-id":"delete","role":"subreviewer","subjReviewsThisResPaper":"true"}
{"resource-id":"paper-submission-info_rc","action-id":"write","role":"pc-chair"}
{"action-id":"read","role":"pc-member","subjReviewsThisResPaper":"false"}
{"resource-id":"conference_rc","action-id":"write","role":"admin"}
{"action-id":"delete","role":"admin","subjReviewsThisResPaper":"false"}
{"resource-id":"paper-submission-file_rc","action-id":"create","role":"pc-member"}
{"action-id":"delete","role":"pc-chair","subjReviewsThisResPaper":"false"}
{"resource-id":"pcMember-info-isChairFlag_rc","action-id":"delete","role":"pc-member"}
{"action-id":"write","role":"pc-chair","subjReviewsThisResPaper":"false"}
{"resource-id":"pcMember-conflicts_rc","action-id":"read","role":"admin"}
{"action-id":"write","role":"admin","subjReviewsThisResPaper":"false"}
{"resource-id":"isMeetingFlag_rc","action-id":"create","role":"admin"}
{"action-id":"delete","role":"pc-chair","subjReviewsThisResPaper":"false"}
{"resource-id":"pcMember-assignments_rc","action-id":"create","role":"pc-member"}
{"action-id":"write","role":"subreviewer","subjReviewsThisResPaper":"true"}
{"resource-id":"paper-review-content_rc","action-id":"read","role":"pc-chair"}
{"action-id":"write","role":"subreviewer","subjReviewsThisResPaper":"false"}
{"resource-id":"paper-submission_rc","action-id":"write","role":"subreviewer"}
{"action-id":"delete","role":"admin","subjReviewsThisResPaper":"true"}
{"resource-id":"paper-review-content-commentsAll_rc","action-id":"read","role":"pc-chair"}
{"action-id":"delete","role":"pc-chair","subjReviewsThisResPaper":"true"}
{"resource-id":"conferenceInfo_rc","action-id":"write","role":"pc-chair"}
{"action-id":"read","role":"pc-member","subjReviewsThisResPaper":"true"}
{"resource-id":"paper-review_rc","action-id":"write","role":"subreviewer"}
{"action-id":"read","role":"pc-chair","subjReviewsThisResPaper":"false"}
{"resource-id":"paper-conflicts_rc","action-id":"write","role":"pc-chair"}
{"action-id":"write","role":"admin","subjReviewsThisResPaper":"false"}
{"resource-id":"paper-submission_rc","action-id":"write","role":"admin"}
{"action-id":"write","role":"subreviewer","subjReviewsThisResPaper":"false"}
{"resource-id":"pcMember-assignmentCount_rc","action-id":"delete","role":"pc-chair"}
{"action-id":"read","role":"admin","subjReviewsThisResPaper":"true"}
{"resource-id":"conference_rc","action-id":"read","role":"pc-member"}
{"action-id":"read","role":"pc-member","subjReviewsThisResPaper":"false"}
{"resource-id":"pcMember-info_rc","action-id":"create","role":"pc-member"}
{"action-id":"write","role":"admin","subjReviewsThisResPaper":"false"}
{"resource-id":"pcMember-info_rc","action-id":"delete","role":"admin"}
{"action-id":"read","role":"pc-member","subjReviewsThisResPaper":"true"}
{"resource-id":"paper-review_rc","action-id":"delete","role":"admin"}
{"action-id":"create","role":"admin","subjReviewsThisResPaper":"true"}
{"resource-id":"pcMember-assignments_rc","action-id":"delete","role":"subreviewer"}
{"action-id":"delete","role":"pc-chair","subjReviewsThisResPaper":"false"}
{"resource-id":"conference_rc","action-id":"delete","role":"pc-member"}
{"action-id":"delete","role":"pc-chair","subjReviewsThisResPaper":"false"}
{"resource-id":"paper-review-content-commentsPc_rc","action-id":"create","role":"subreviewer"}
{"action-id":"delete","role":"subreviewer","subjReviewsThisResPaper":"true"}
{"resource-id":"pcMember-assignmentCount_rc","action-id":"read","role":"admin"}
{"action-id":"delete","role":"pc-member","subjReviewsThisResPaper":"true"}
{"resource-id":"paper-review-content_rc","action-id":"write","role":"admin"}
{"action-id":"write","role":"pc-member","subjReviewsThisResPaper":"true"}
{"resource-id":"pcMember-info-isChairFlag_rc","action-id":"delete","role":"pc-chair"}
{"action-id":"delete","role":"pc-chair","subjReviewsThisResPaper":"false"}
{"resource-id":"paper-review-content-commentsAll_rc","action-id":"write","role":"admin"}
{"action-id":"write","role":"subreviewer","subjReviewsThisResPaper":"false"}
{"resource-id":"isMeetingFlag_rc","action-id":"read","role":"admin"}
{"action-id":"delete","role":"subreviewer","subjReviewsThisResPaper":"true"}
{"resource-id":"paper-submission-info_rc","action-id":"delete","role":"subreviewer"}
{"action-id":"create","role":"pc-member","subjReviewsThisResPaper":"false"}
{"resource-id":"pcMember-info-password_rc","action-id":"write","role":"pc-chair"}
{"action-id":"create","role":"pc-chair","subjReviewsThisResPaper":"true"}
{"resource-id":"pcMember-info_rc","action-id":"create","role":"pc-member"}
{"action-id":"create","role":"pc-member","subjReviewsThisResPaper":"false"}
{"resource-id":"paper-review_rc","action-id":"create","role":"pc-chair"}
{"action-id":"create","role":"subreviewer","subjReviewsThisResPaper":"false"}
{"resource-id":"pcMember-assignments_rc","action-id":"write","role":"pc-member"}
{"action-id":"read","role":"pc-chair","subjReviewsThisResPaper":"true"}
{"resource-id":"pcMember-info-password_rc","action-id":"delete","role":"subreviewer"}
{"action-id":"read","role":"pc-chair","subjReviewsThisResPaper":"false"}
{"resource-id":"paper-submission-info_rc","action-id":"read","role":"pc-chair"}
{"action-id":"read","role":"pc-member","subjReviewsThisResPaper":"true"}
{"resource-id":"paper-review-content_rc","action-id":"write","role":"pc-chair"}
{"action-id":"read","role":"admin","subjReviewsThisResPaper":"true"}
{"resource-id":"pcMember-assignmentCount_rc","action-id":"delete","role":"pc-member"}
{"action-id":"write","role":"subreviewer","subjReviewsThisResPaper":"false"}
{"resource-id":"pcMember-assignmentCount_rc","action-id":"create","role":"pc-chair"}
{"action-id":"delete","role":"pc-chair","subjReviewsThisResPaper":"true"}
{"resource-id":"paper-assignments_rc","action-id":"delete","role":"pc-member"}
{"action-id":"read","role":"admin","subjReviewsThisResPaper":"false"}
{"resource-id":"pcMember_rc","action-id":"delete","role":"admin"}
{"action-id":"write","role":"pc-chair","subjReviewsThisResPaper":"false"}
{"resource-id":"isMeetingFlag_rc","action-id":"write","role":"subreviewer"}
{"action-id":"delete","role":"subreviewer","subjReviewsThisResPaper":"false"}
{"resource-id":"paper-decision_rc","action-id":"write","role":"pc-member"}
{"action-id":"create","role":"pc-chair","subjReviewsThisResPaper":"true"}
{"resource-id":"paper-review-content-commentsPc_rc","action-id":"create","role":"pc-chair"}
{"action-id":"delete","role":"admin","subjReviewsThisResPaper":"true"}
{"resource-id":"paper-review-info-reviewer_rc","action-id":"read","role":"pc-member"}
{"action-id":"delete","role":"pc-chair","subjReviewsThisResPaper":"false"}
{"resource-id":"pcMember-assignments_rc","action-id":"delete","role":"pc-member"}
{"action-id":"delete","role":"subreviewer","subjReviewsThisResPaper":"false"}
{"resource-id":"pcMember-assignments_rc","action-id":"create","role":"pc-chair"}
{"action-id":"create","role":"admin","subjReviewsThisResPaper":"false"}
{"resource-id":"pcMember-conflicts_rc","action-id":"delete","role":"subreviewer"}
{"action-id":"delete","role":"subreviewer","subjReviewsThisResPaper":"false"}
{"resource-id":"paper-review-content-commentsAll_rc","action-id":"create","role":"subreviewer"}
{"action-id":"delete","role":"admin","subjReviewsThisResPaper":"true"}
{"resource-id":"paper-review-info-submissionStatus_rc","action-id":"write","role":"subreviewer"}
{"action-id":"delete","role":"pc-member","subjReviewsThisResPaper":"true"}
{"resource-id":"paper-review-content_rc","action-id":"write","role":"pc-chair"}
{"action-id":"create","role":"pc-member","subjReviewsThisResPaper":"false"}
{"resource-id":"pcMember-assignmentCount_rc","action-id":"delete","role":"pc-member"}
{"action-id":"write","role":"pc-member","subjReviewsThisResPaper":"false"}
{"resource-id":"paper-assignments_rc","action-id":"create","role":"admin"}
{"action-id":"read","role":"pc-member","subjReviewsThisResPaper":"false"}
{"resource-id":"paper-submission_rc","action-id":"read","role":"subreviewer"}
{"action-id":"delete","role":"subreviewer","subjReviewsThisResPaper":"false"}
{"resource-id":"paper-review-content-commentsPc_rc","action-id":"read","role":"pc-chair"}
{"action-id":"read","role":"pc-chair","subjReviewsThisResPaper":"true"}
{"resource-id":"pcMember-assignmentCount_rc","action-id":"read","role":"admin"}
{"action-id":"read","role":"pc-chair","subjReviewsThisResPaper":"true"}
{"resource-id":"paper-review_rc","action-id":"delete","role":"pc-member"}
{"action-id":"read","role":"admin","subjReviewsThisResPaper":"true"}
{"resource-id":"paper-review-info-submissionStatus_rc","action-id":"delete","role":"pc-member"}
{"action-id":"read","role":"admin","subjReviewsThisResPaper":"false"}
{"resource-id":"conferenceInfo_rc","action-id":"create","role":"pc-chair"}
{"action-id":"create","role":"pc-chair","subjReviewsThisResPaper":"false"}
{"resource-id":"conferenceInfo_rc","action-id":"read","role":"admin"}
{"action-id":"read","role":"admin","subjReviewsThisResPaper":"false"}
{"resource-id":"paper-decision_rc","action-id":"read","role":"pc-chair"}
{"action-id":"read","role":"pc-chair","subjReviewsThisResPaper":"true"}
{"resource-id":"paper-review-content-rating_rc","action-id":"read","role":"pc-chair"}
{"action-id":"create","role":"pc-chair","subjReviewsThisResPaper":"false"}
{"resource-id":"paper-review-info-reviewer_rc","action-id":"delete","role":"subreviewer"}
{"action-id":"write","role":"pc-member","subjReviewsThisResPaper":"true"}
{"resource-id":"paper-submission-file_rc","action-id":"create","role":"admin"}
{"action-id":"create","role":"admin","subjReviewsThisResPaper":"false"}
{"resource-id":"paper-decision_rc","action-id":"delete","role":"admin"}
{"action-id":"delete","role":"pc-member","subjReviewsThisResPaper":"true"}
{"resource-id":"pcMember-info_rc","action-id":"create","role":"pc-member"}
{"action-id":"delete","role":"subreviewer","subjReviewsThisResPaper":"false"}
{"resource-id":"pcMember-conflicts_rc","action-id":"create","role":"subreviewer"}
{"action-id":"create","role":"subreviewer","subjReviewsThisResPaper":"true"}
{"resource-id":"pcMember-info-password_rc","action-id":"write","role":"pc-member"}
{"action-id":"create","role":"admin","subjReviewsThisResPaper":"false"}
{"resource-id":"pcMember-info-password_rc","action-id":"delete","role":"admin"}
{"action-id":"delete","role":"subreviewer","subjReviewsThisResPaper":"false"}
{"resource-id":"pcMember_rc","action-id":"create","role":"pc-member"}
{"action-id":"create","role":"subreviewer","subjReviewsThisResPaper":"false"}
{"resource-id":"paper-submission-info_rc","action-id":"write","role":"subreviewer"}
{"action-id":"read","role":"subreviewer","subjReviewsThisResPaper":"true"}
{"resource-id":"pcMember-info-password_rc","action-id":"read","role":"pc-chair"}
{"action-id":"write","role":"pc-member","subjReviewsThisResPaper":"true"}
{"resource-id":"pcMember-assignmentCount_rc","action-id":"write","role":"admin"}
{"action-id":"delete","role":"pc-chair","subjReviewsThisResPaper":"true"}
{"resource-id":"isMeetingFlag_rc","action-id":"delete","role":"subreviewer"}
{"action-id":"delete","role":"pc-chair","subjReviewsThisResPaper":"false"}
{"resource-id":"paper-review-content-commentsAll_rc","action-id":"read","role":"admin"}
{"action-id":"delete","role":"subreviewer","subjReviewsThisResPaper":"false"}
{"resource-id":"paper-review-content-rating_rc","action-id":"write","role":"pc-member"}
{"action-id":"delete","role":"pc-member","subjReviewsThisResPaper":"false"}
{"resource-id":"paper-review-info-submissionStatus_rc","action-id":"create","role":"admin"}
{"action-id":"write","role":"subreviewer","subjReviewsThisResPaper":"false"}
{"resource-id":"pcMember-conflicts_rc","action-id":"create","role":"pc-member"}
{"action-id":"write","role":"admin","subjReviewsThisResPaper":"true"}
{"resource-id":"paper-review-content-rating_rc","action-id":"read","role":"subreviewer"}
{"action-id":"delete","role":"admin","subjReviewsThisResPaper":"false"}
{"resource-id":"paper_rc","action-id":"delete","role":"subreviewer"}
{"action-id":"delete","role":"pc-chair","subjReviewsThisResPaper":"false"}
{"resource-id":"paper-submission_rc","action-id":"write","role":"pc-chair"}
{"action-id":"delete","role":"subreviewer","subjReviewsThisResPaper":"false"}
{"resource-id":"pcMember-info_rc","action-id":"create","role":"subreviewer"}
{"action-id":"create","role":"admin","subjReviewsThisResPaper":"false"}
{"resource-id":"paper_rc","action-id":"write","role":"admin"}
{"action-id":"create","role":"pc-member","subjReviewsThisResPaper":"true"}
{"resource-id":"pcMember-info-password_rc","action-id":"read","role":"admin"}
{"action-id":"create","role":"admin","subjReviewsThisResPaper":"true"}
{"resource-id":"pcMember-assignments_rc","action-id":"write","role":"subreviewer"}
{"action-id":"create","role":"pc-member","subjReviewsThisResPaper":"true"}
{"resource-id":"pcMember-assignments_rc","action-id":"write","role":"subreviewer"}
{"action-id":"read","role":"pc-member","subjReviewsThisResPaper":"false"}
{"resource-id":"pcMember-info-isChairFlag_rc","action-id":"read","role":"admin"}
{"action-id":"read","role":"pc-chair","subjReviewsThisResPaper":"true"}
{"resource-id":"pcMember-assignments_rc","action-id":"write","role":"admin"}
{"action-id":"delete","role":"subreviewer","subjReviewsThisResPaper":"true"}
{"resource-id":"conferenceInfo_rc","action-id":"read","role":"pc-chair"}
{"action-id":"create","role":"pc-chair","subjReviewsThisResPaper":"true"}
{"resource-id":"paper-review-info-submissionStatus_rc","action-id":"create","role":"pc-chair"}
{"action-id":"read","role":"admin","subjReviewsThisResPaper":"true"}
{"resource-id":"paper-review-content-commentsPc_rc","action-id":"write","role":"pc-member"}
{"action-id":"write","role":"pc-member","subjReviewsThisResPaper":"true"}
{"resource-id":"paper-submission-file_rc","action-id":"create","role":"subreviewer"}
{"action-id":"write","role":"admin","subjReviewsThisResPaper":"false"}
{"resource-id":"paper-review-content_rc","action-id":"create","role":"pc-chair"}
{"action-id":"read","role":"pc-member","subjReviewsThisResPaper":"true"}
{"resource-id":"pcMember-assignmentCount_rc","action-id":"write","role":"pc-chair"}
{"action-id":"delete","role":"pc-member","subjReviewsThisResPaper":"true"}
{"resource-id":"pcMember-info-isChairFlag_rc","action-id":"write","role":"pc-member"}
{"action-id":"create","role":"pc-chair","subjReviewsThisResPaper":"false"}
{"resource-id":"conference_rc","action-id":"write","role":"admin"}
{"action-id":"write","role":"pc-chair","subjReviewsThisResPaper":"true"}
{"resource-id":"pcMember-assignmentCount_rc","action-id":"write","role":"admin"}
{"action-id":"read","role":"pc-chair","subjReviewsThisResPaper":"true"}
{"resource-id":"paper-conflicts_rc","action-id":"create","role":"pc-chair"}
{"action-id":"write","role":"admin","subjReviewsThisResPaper":"false"}
{"resource-id":"conference_rc","action-id":"create","role":"subreviewer"}
{"action-id":"create","role":"subreviewer","subjReviewsThisResPaper":"true"}
{"resource-id":"paper-submission-info_rc","action-id":"read","role":"pc-chair"}
{"action-id":"delete","role":"subreviewer","subjReviewsThisResPaper":"true"}
{"resource-id":"paper-review-content-commentsAll_rc","action-id":"read","role":"pc-member"}
{"action-id":"read","role":"admin","subjReviewsThisResPaper":"false"}
{"resource-id":"pcMember-info-isChairFlag_rc","action-id":"delete","role":"pc-chair"}
{"action-id":"delete","role":"subreviewer","subjReviewsThisResPaper":"true"}
{"resource-id":"paper-review-content-commentsPc_rc","action-id":"create","role":"admin"}
{"action-id":"create","role":"pc-member","subjReviewsThisResPaper":"true"}
{"resource-id":"paper-review-info-submissionStatus_rc","action-id":"delete","role":"pc-chair"}
{"action-id":"create","role":"pc-member","subjReviewsThisResPaper":"false"}
{"resource-id":"paper-review-info_rc","action-id":"delete","role":"pc-member"}
{"action-id":"create","role":"admin","subjReviewsThisResPaper":"true"}
{"resource-id":"paper-review-content-commentsPc_rc","action-id":"write","role":"subreviewer"}
{"action-id":"read","role":"pc-member","subjReviewsThisResPaper":"true"}
{"resource-id":"pcMember-assignments_rc","action-id":"delete","role":"subreviewer"}
{"action-id":"write","role":"admin","subjReviewsThisResPaper":"true"}
{"resource-id":"paper-conflicts_rc","action-id":"delete","role":"pc-member"}
{"action-id":"write","role":"subreviewer","subjReviewsThisResPaper":"true"}
{"resource-id":"paper-submission_rc","action-id":"write","role":"pc-member"}
{"action-id":"read","role":"admin","subjReviewsThisResPaper":"false"}
{"resource-id":"paper_rc","action-id":"read","role":"admin"}
{"action-id":"create","role":"admin","subjReviewsThisResPaper":"false"}
{"resource-id":"paper-review-info_rc","action-id":"create","role":"pc-member"}
{"action-id":"write","role":"subreviewer","subjReviewsThisResPaper":"true"}
{"resource-id":"pcMember-info-password_rc","action-id":"delete","role":"admin"}
{"action-id":"read","role":"admin","subjReviewsThisResPaper":"false"}
{"resource-id":"pcMember-info-password_rc","action-id":"write","role":"pc-member"}
{"action-id":"write","role":"pc-chair","subjReviewsThisResPaper":"true"}
{"resource-id":"paper-review_rc","action-id":"read","role":"admin"}
{"action-id":"create","role":"admin","subjReviewsThisResPaper":"true"}
{"resource-id":"paper-review-content-rating_rc","action-id":"read","role":"pc-member"}
{"action-id":"read","role":"subreviewer","subjReviewsThisResPaper":"false"}
{"resource-id":"conferenceInfo_rc","action-id":"delete","role":"subreviewer"}
{"action-id":"read","role":"admin","subjReviewsThisResPaper":"true"}
{"resource-id":"paper-assignments_rc","action-id":"delete","role":"admin"}
{"action-id":"write","role":"pc-chair","subjReviewsThisResPaper":"false"}
{"resource-id":"paper-review_rc","action-id":"create","role":"subreviewer"}
{"action-id":"create","role":"admin","subjReviewsThisResPaper":"false"}
{"resource-id":"pcMember-info-isChairFlag_rc","action-id":"write","role":"pc-member"}
{"action-id":"create","role":"subreviewer","subjReviewsThisResPaper":"false"}
{"resource-id":"pcMember-conflicts_rc","action-id":"write","role":"admin"}
{"action-id":"write","role":"admin","subjReviewsThisResPaper":"true"}
{"resource-id":"paper-submission-info_rc","action-id":"write","role":"pc-member"}
{"action-id":"delete","role":"pc-chair","subjReviewsThisResPaper":"false"}
{"resource-id":"pcMember-info-isChairFlag_rc","action-id":"create","role":"pc-member"}
{"action-id":"delete","role":"subreviewer","subjReviewsThisResPaper":"false"}
{"resource-id":"pcMember-info_rc","action-id":"delete","role":"pc-member"}
{"action-id":"read","role":"pc-member","subjReviewsThisResPaper":"false"}
{"resource-id":"pcMember-conflicts_rc","action-id":"create","role":"pc-chair"}
{"action-id":"write","role":"subreviewer","subjReviewsThisResPaper":"false"}
{"resource-id":"pcMember-assignmentCount_rc","action-id":"create","role":"pc-member"}
{"action-id":"create","role":"subreviewer","subjReviewsThisResPaper":"false"}
{"resource-id":"pcMember-info-isChairFlag_rc","action-id":"delete","role":"subreviewer"}
{"action-id":"create","role":"pc-chair","subjReviewsThisResPaper":"false"}
{"resource-id":"paper-review-content-commentsAll_rc","action-id":"delete","role":"pc-chair"}
{"action-id":"write","role":"pc-chair","subjReviewsThisResPaper":"true"}
{"resource-id":"paper-review-info-submissionStatus_rc","action-id":"delete","role":"admin"}
{"action-id":"delete","role":"pc-chair","subjReviewsThisResPaper":"false"}
{"resource-id":"paper-review-info_rc","action-id":"delete","role":"pc-chair"}
{"action-id":"create","role":"admin","subjReviewsThisResPaper":"true"}
{"resource-id":"paper-review-info-reviewer_rc","action-id":"create","role":"admin"}
{"action-id":"create","role":"subreviewer","subjReviewsThisResPaper":"true"}
{"resource-id":"paper_rc","action-id":"read","role":"admin"}
{"action-id":"delete","role":"pc-chair","subjReviewsThisResPaper":"false"}
{"resource-id":"pcMember_rc","action-id":"create","role":"admin"}
{"action-id":"write","role":"pc-member","subjReviewsThisResPaper":"false"}
{"resource-id":"paper-submission_rc","action-id":"write","role":"pc-member"}
{"action-id":"delete","role":"pc-chair","subjReviewsThisResPaper":"false"}
{"resource-id":"conference_rc","action-id":"write","role":"pc-member"}
{"action-id":"delete","role":"admin","subjReviewsThisResPaper":"false"}
{"resource-id":"paper-review_rc","action-id":"delete","role":"admin"}
{"action-id":"delete","role":"admin","subjReviewsThisResPaper":"true"}
{"resource-id":"pcMember-assignments_rc","action-id":"read","role":"pc-chair"}
{"action-id":"write","role":"pc-chair","subjReviewsThisResPaper":"true"}
{"resource-id":"pcMember-assignments_rc","action-id":"create","role":"subreviewer"}
{"action-id":"read","role":"pc-member","subjReviewsThisResPaper":"false"}
{"resource-id":"isMeetingFlag_rc","action-id":"read","role":"subreviewer"}
{"action-id":"write","role":"pc-chair","subjReviewsThisResPaper":"false"}
{"resource-id":"paper-review-info-reviewer_rc","action-id":"read","role":"pc-chair"}
{"action-id":"read","role":"subreviewer","subjReviewsThisResPaper":"true"}
{"resource-id":"conferenceInfo_rc","action-id":"delete","role":"pc-member"}
{"action-id":"read","role":"pc-chair","subjReviewsThisResPaper":"false"}
{"resource-id":"paper-conflicts_rc","action-id":"write","role":"pc-chair"}
{"action-id":"delete","role":"pc-member","subjReviewsThisResPaper":"true"}
{"resource-id":"pcMember-assignmentCount_rc","action-id":"read","role":"admin"}
{"action-id":"write","role":"pc-member","subjReviewsThisResPaper":"false"}
{"resource-id":"paper-review_rc","action-id":"read","role":"admin"}
{"action-id":"write","role":"admin","subjReviewsThisResPaper":"true"}
{"resource-id":"paper-review-info-submissionStatus_rc","action-id":"delete","role":"subreviewer"}
{"action-id":"write","role":"admin","subjReviewsThisResPaper":"false"}
{"resource-id":"paper-conflicts_rc","action-id":"delete","role":"admin"}
{"action-id":"delete","role":"pc-member","subjReviewsThisResPaper":"true"}
{"resource-id":"conferenceInfo_rc","action-id":"write","role":"subreviewer"}
{"action-id":"read","role":"pc-member","subjReviewsThisResPaper":"false"}
{"resource-id":"paper-submission_rc","action-id":"create","role":"pc-member"}
{"action-id":"write","role":"subreviewer","subjReviewsThisResPaper":"false"}
{"resource-id":"conferenceInfo_rc","action-id":"delete","role":"pc-chair"}
{"action-id":"write","role":"pc-member","subjReviewsThisResPaper":"true"}
{"resource-id":"paper-conflicts_rc","action-id":"read","role":"pc-chair"}
{"action-id":"write","role":"pc-member","subjReviewsThisResPaper":"true"}
{"resource-id":"pcMember_rc","action-id":"write","role":"admin"}
{"action-id":"delete","role":"subreviewer","subjReviewsThisResPaper":"false"}
{"resource-id":"paper-review_rc","action-id":"write","role":"subreviewer"}
{"action-id":"create","role":"pc-chair","subjReviewsThisResPaper":"true"}
{"resource-id":"paper-assignments_rc","action-id":"read","role":"pc-chair"}
{"action-id":"create","role":"subreviewer","subjReviewsThisResPaper":"true"}
{"resource-id":"pcMember-assignmentCount_rc","action-id":"create","role":"admin"}
{"action-id":"write","role":"pc-chair","subjReviewsThisResPaper":"true"}
{"resource-id":"isMeetingFlag_rc","action-id":"create","role":"pc-chair"}
{"action-id":"read","role":"pc-chair","subjReviewsThisResPaper":"true"}
{"resource-id":"paper-review_rc","action-id":"delete","role":"admin"}
{"action-id":"create","role":"subreviewer","subjReviewsThisResPaper":"false"}
{"resource-id":"paper-review-content-commentsAll_rc","action-id":"write","role":"subreviewer"}
{"action-id":"delete","role":"pc-member","subjReviewsThisResPaper":"false"}
{"resource-id":"paper-conflicts_rc","action-id":"read","role":"pc-member"}
{"action-id":"delete","role":"admin","subjReviewsThisResPaper":"false"}
{"resource-id":"paper-review-content_rc","action-id":"delete","role":"pc-chair"}
{"action-id":"create","role":"subreviewer","subjReviewsThisResPaper":"false"}
{"resource-id":"paper-conflicts_rc","action-id":"read","role":"subreviewer"}
{"action-id":"write","role":"subreviewer","subjReviewsThisResPaper":"true"}
{"resource-id":"paper_rc","action-id":"read","role":"pc-chair"}
{"action-id":"write","role":"pc-chair","subjReviewsThisResPaper":"true"}
{"resource-id":"pcMember-info-password_rc","action-id":"read","role":"pc-chair"}
{"action-id":"create","role":"admin","subjReviewsThisResPaper":"true"}
{"resource-id":"paper-conflicts_rc","action-id":"delete","role":"subreviewer"}
{"action-id":"write","role":"subreviewer","subjReviewsThisResPaper":"false"}
{"resource-id":"paper-conflicts_rc","action-id":"write","role":"pc-chair"}
{"action-id":"create","role":"pc-member","subjReviewsThisResPaper":"true"}
{"resource-id":"pcMember-info-isChairFlag_rc","action-id":"write","role":"pc-chair"}
{"action-id":"read","role":"pc-chair","subjReviewsThisResPaper":"true"}
{"resource-id":"pcMember_rc","action-id":"read","role":"pc-chair"}
{"action-id":"write","role":"pc-member","subjReviewsThisResPaper":"true"}
{"resource-id":"paper_rc","action-id":"create","role":"pc-member"}
{"action-id":"create","role":"pc-member","subjReviewsThisResPaper":"true"}
{"resource-id":"pcMember-assignmentCount_rc","action-id":"create","role":"pc-chair"}
{"action-id":"create","role":"pc-chair","subjReviewsThisResPaper":"true"}
{"resource-id":"paper-submission_rc","action-id":"write","role":"pc-member"}
{"action-id":"read","role":"pc-chair","subjReviewsThisResPaper":"true"}
{"resource-id":"paper-conflicts_rc","action-id":"delete","role":"pc-member"}
{"action-id":"read","role":"subreviewer","subjReviewsThisResPaper":"false"}
{"resource-id":"paper-review-content-rating_rc","action-id":"write","role":"subreviewer"}
{"action-id":"delete","role":"admin","subjReviewsThisResPaper":"false"}
{"resource-id":"paper_rc","action-id":"read","role":"subreviewer"}
{"action-id":"create","role":"pc-chair","subjReviewsThisResPaper":"false"}
{"resource-id":"paper-review-info-submissionStatus_rc","action-id":"write","role":"admin"}
{"action-id":"write","role":"subreviewer","subjReviewsThisResPaper":"true"}
{"resource-id":"conference_rc","action-id":"delete","role":"pc-chair"}
{"action-id":"create","role":"subreviewer","subjReviewsThisResPaper":"false"}
{"resource-id":"conferenceInfo_rc","action-id":"create","role":"subreviewer"}
{"action-id":"create","role":"pc-member","subjReviewsThisResPaper":"true"}
{"resource-id":"paper-review_rc","action-id":"read","role":"subreviewer"}
{"action-id":"create","role":"pc-chair","subjReviewsThisResPaper":"true"}
{"resource-id":"paper-review-content-commentsPc_rc","action-id":"write","role":"pc-chair"}
{"action-id":"read","role":"subreviewer","subjReviewsThisResPaper":"false"}
{"resource-id":"paper-review-content-commentsPc_rc","action-id":"create","role":"pc-member"}
{"action-id":"create","role":"admin","subjReviewsThisResPaper":"false"}
{"resource-id":"pcMember-info-password_rc","action-id":"create","role":"pc-chair"}
{"action-id":"read","role":"pc-chair","subjReviewsThisResPaper":"true"}
{"resource-id":"paper-review-content-commentsAll_rc","action-id":"create","role":"pc-member"}
{"action-id":"delete","role":"subreviewer","subjReviewsThisResPaper":"true"}
{"resource-id":"paper-decision_rc","action-id":"create","role":"pc-chair"}
{"action-id":"write","role":"admin","subjReviewsThisResPaper":"true"}
{"resource-id":"pcMember-assignments_rc","action-id":"write","role":"pc-chair"}
{"action-id":"write","role":"subreviewer","subjReviewsThisResPaper":"false"}
{"resource-id":"paper-review-content-rating_rc","action-id":"delete","role":"pc-chair"}
{"action-id":"write","role":"pc-chair","subjReviewsThisResPaper":"true"}
{"resource-id":"pcMember-assignments_rc","action-id":"delete","role":"pc-member"}
{"action-id":"read","role":"pc-chair","subjReviewsThisResPaper":"true"}
{"resource-id":"pcMember-info-isChairFlag_rc","action-id":"read","role":"pc-member"}
{"action-id":"create","role":"subreviewer","subjReviewsThisResPaper":"true"}
{"resource-id":"pcMember-info_rc","action-id":"read","role":"pc-member"}
{"action-id":"delete","role":"admin","subjReviewsThisResPaper":"true"}
{"resource-id":"pcMember-info-password_rc","action-id":"delete","role":"subreviewer"}
{"action-id":"read","role":"pc-member","subjReviewsThisResPaper":"true"}
{"resource-id":"paper-review_rc","action-id":"read","role":"pc-member"}
{"action-id":"create","role":"admin","subjReviewsThisResPaper":"true"}
{"resource-id":"paper-review-info_rc","action-id":"delete","role":"subreviewer"}
{"action-id":"write","role":"admin","subjReviewsThisResPaper":"true"}
{"resource-id":"paper-submission-file_rc","action-id":"write","role":"subreviewer"}
{"action-id":"delete","role":"admin","subjReviewsThisResPaper":"false"}
{"resource-id":"paper-review-info-reviewer_rc","action-id":"create","role":"pc-chair"}
{"action-id":"delete","role":"admin","subjReviewsThisResPaper":"false"}
{"resource-id":"conferenceInfo_rc","action-id":"delete","role":"admin"}
{"action-id":"read","role":"subreviewer","subjReviewsThisResPaper":"false"}
{"resource-id":"paper-review-content_rc","action-id":"delete","role":"pc-member"}
{"action-id":"create","role":"admin","subjReviewsThisResPaper":"true"}
{"resource-id":"paper-conflicts_rc","action-id":"delete","role":"pc-member"}
{"action-id":"write","role":"pc-chair","subjReviewsThisResPaper":"true"}
{"resource-id":"paper-review-content-commentsPc_rc","action-id":"create","role":"admin"}
{"action-id":"delete","role":"subreviewer","subjReviewsThisResPaper":"false"}
{"resource-id":"paper-submission-info_rc","action-id":"delete","role":"pc-chair"}
{"action-id":"delete","role":"admin","subjReviewsThisResPaper":"false"}
{"resource-id":"paper-review-content-commentsPc_rc","action-id":"delete","role":"admin"}
{"action-id":"read","role":"pc-member","subjReviewsThisResPaper":"true"}
{"resource-id":"paper-submission-file_rc","action-id":"create","role":"pc-chair"}
{"action-id":"write","role":"pc-chair","subjReviewsThisResPaper":"true"}
{"resource-id":"paper-review-content-commentsPc_rc","action-id":"write","role":"pc-chair"}
{"action-id":"read","role":"admin","subjReviewsThisResPaper":"false"}
{"resource-id":"paper-submission-info_rc","action-id":"write","role":"subreviewer"}
{"action-id":"create","role":"pc-member","subjReviewsThisResPaper":"true"}
{"resource-id":"paper-review-content_rc","action-id":"delete","role":"pc-member"}
{"action-id":"write","role":"pc-member","subjReviewsThisResPaper":"true"}
{"resource-id":"paper_rc","action-id":"create","role":"pc-chair"}
{"action-id":"read","role":"pc-chair","subjReviewsThisResPaper":"false"}
{"resource-id":"paper-review-info-submissionStatus_rc","action-id":"read","role":"subreviewer"}
{"action-id":"create","role":"pc-chair","subjReviewsThisResPaper":"false"}
{"resource-id":"paper-review_rc","action-id":"create","role":"subreviewer"}
{"action-id":"read","role":"admin","subjReviewsThisResPaper":"true"}
{"resource-id":"pcMember-info_rc","action-id":"create","role":"admin"}
{"action-id":"delete","role":"subreviewer","subjReviewsThisResPaper":"true"}
{"resource-id":"paper-submission-file_rc","action-id":"delete","role":"admin"}
{"action-id":"create","role":"subreviewer","subjReviewsThisResPaper":"true"}
{"resource-id":"pcMember_rc","action-id":"read","role":"subreviewer"}
{"action-id":"write","role":"pc-member","subjReviewsThisResPaper":"true"}
{"resource-id":"paper-conflicts_rc","action-id":"create","role":"admin"}
{"action-id":"delete","role":"subreviewer","subjReviewsThisResPaper":"true"}
{"resource-id":"paper-review-info_rc","action-id":"write","role":"admin"}
{"action-id":"delete","role":"pc-member","subjReviewsThisResPaper":"true"}
{"resource-id":"paper-review-content-commentsAll_rc","action-id":"read","role":"subreviewer"}
{"action-id":"write","role":"subreviewer","subjReviewsThisResPaper":"true"}
{"resource-id":"paper_rc","action-id":"create","role":"subreviewer"}
{"action-id":"delete","role":"admin","subjReviewsThisResPaper":"true"}
{"resource-id":"paper-review-content-rating_rc","action-id":"delete","role":"admin"}
{"action-id":"read","role":"pc-member","subjReviewsThisResPaper":"false"}
{"resource-id":"pcMember-info-isChairFlag_rc","action-id":"read","role":"pc-chair"}
{"action-id":"delete","role":"pc-member","subjReviewsThisResPaper":"true"}
{"resource-id":"paper-assignments_rc","action-id":"write","role":"pc-member"}
{"action-id":"delete","role":"admin","subjReviewsThisResPaper":"true"}
{"resource-id":"paper-review_rc","action-id":"delete","role":"pc-member"}
{"action-id":"write","role":"pc-member","subjReviewsThisResPaper":"true"}
{"resource-id":"pcMember-info_rc","action-id":"create","role":"subreviewer"}
{"action-id":"write","role":"pc-member","subjReviewsThisResPaper":"true"}
{"resource-id":"paper-decision_rc","action-id":"read","role":"admin"}
{"action-id":"write","role":"pc-chair","subjReviewsThisResPaper":"false"}
{"resource-id":"pcMember-info-password_rc","action-id":"delete","role":"admin"}
{"action-id":"read","role":"subreviewer","subjReviewsThisResPaper":"true"}
{"resource-id":"paper_rc","action-id":"delete","role":"pc-chair"}
{"action-id":"create","role":"admin","subjReviewsThisResPaper":"true"}
{"resource-id":"pcMember-info-password_rc","action-id":"create","role":"subreviewer"}
{"action-id":"create","role":"pc-member","subjReviewsThisResPaper":"false"}
{"resource-id":"pcMember-conflicts_rc","action-id":"read","role":"subreviewer"}
{"action-id":"create","role":"admin","subjReviewsThisResPaper":"false"}
{"resource-id":"paper-conflicts_rc","action-id":"write","role":"pc-member"}
{"action-id":"read","role":"pc-chair","subjReviewsThisResPaper":"false"}
{"resource-id":"paper-review-content-rating_rc","action-id":"read","role":"pc-chair"}
{"action-id":"read","role":"pc-chair","subjReviewsThisResPaper":"false"}
{"resource-id":"paper-review-info-submissionStatus_rc","action-id":"read","role":"pc-member"}
{"action-id":"write","role":"admin","subjReviewsThisResPaper":"false"}
{"resource-id":"paper-decision_rc","action-id":"delete","role":"pc-chair"}
{"action-id":"write","role":"subreviewer","subjReviewsThisResPaper":"false"}
{"resource-id":"paper-conflicts_rc","action-id":"read","role":"subreviewer"}
{"action-id":"create","role":"pc-chair","subjReviewsThisResPaper":"false"}
{"resource-id":"paper_rc","action-id":"read","role":"subreviewer"}
{"action-id":"delete","role":"pc-member","subjReviewsThisResPaper":"true"}
{"resource-id":"pcMember_rc","action-id":"read","role":"subreviewer"}
{"action-id":"write","role":"pc-member","subjReviewsThisResPaper":"true"}
{"resource-id":"pcMember-info-password_rc","action-id":"create","role":"admin"}
{"action-id":"read","role":"subreviewer","subjReviewsThisResPaper":"true"}
{"resource-id":"paper-decision_rc","action-id":"write","role":"pc-chair"}
{"action-id":"write","role":"pc-member","subjReviewsThisResPaper":"true"}
{"resource-id":"paper-review-content-commentsPc_rc","action-id":"write","role":"pc-member"}
{"action-id":"delete","role":"pc-chair","subjReviewsThisResPaper":"false"}
{"resource-id":"pcMember-conflicts_rc","action-id":"read","role":"admin"}
{"action-id":"read","role":"pc-chair","subjReviewsThisResPaper":"false"}
{"resource-id":"isMeetingFlag_rc","action-id":"write","role":"subreviewer"}
{"action-id":"delete","role":"admin","subjReviewsThisResPaper":"true"}
{"resource-id":"paper-submission-info_rc","action-id":"create","role":"admin"}
{"action-id":"read","role":"admin","subjReviewsThisResPaper":"false"}
{"resource-id":"paper_rc","action-id":"read","role":"subreviewer"}
{"action-id":"delete","role":"pc-member","subjReviewsThisResPaper":"false"}
{"resource-id":"isMeetingFlag_rc","action-id":"write","role":"subreviewer"}
{"action-id":"read","role":"admin","subjReviewsThisResPaper":"true"}
{"resource-id":"paper-decision_rc","action-id":"read","role":"admin"}
{"action-id":"write","role":"pc-chair","subjReviewsThisResPaper":"true"}
{"resource-id":"paper-assignments_rc","action-id":"delete","role":"admin"}
{"action-id":"read","role":"pc-member","subjReviewsThisResPaper":"true"}
{"resource-id":"paper-decision_rc","action-id":"write","role":"subreviewer"}
{"action-id":"write","role":"pc-member","subjReviewsThisResPaper":"false"}
{"resource-id":"pcMember-assignmentCount_rc","action-id":"create","role":"pc-chair"}
{"action-id":"read","role":"pc-member","subjReviewsThisResPaper":"false"}
{"resource-id":"paper-decision_rc","action-id":"read","role":"subreviewer"}
{"action-id":"write","role":"admin","subjReviewsThisResPaper":"true"}
{"resource-id":"paper-review-content-rating_rc","action-id":"create","role":"admin"}
{"action-id":"delete","role":"subreviewer","subjReviewsThisResPaper":"true"}
{"resource-id":"paper-review-content_rc","action-id":"write","role":"pc-member"}
{"action-id":"create","role":"admin","subjReviewsThisResPaper":"false"}
{"resource-id":"pcMember_rc","action-id":"write","role":"admin"}
{"action-id":"write","role":"pc-chair","subjReviewsThisResPaper":"true"}
{"resource-id":"paper-assignments_rc","action-id":"write","role":"subreviewer"}
{"action-id":"create","role":"pc-member","subjReviewsThisResPaper":"false"}
{"resource-id":"pcMember-assignments_rc","action-id":"read","role":"pc-member"}
{"action-id":"read","role":"pc-member","subjReviewsThisResPaper":"true"}
{"resource-id":"paper-submission-file_rc","action-id":"delete","role":"admin"}
{"action-id":"write","role":"pc-member","subjReviewsThisResPaper":"false"}
{"resource-id":"paper-review-content-commentsPc_rc","action-id":"write","role":"subreviewer"}
{"action-id":"read","role":"pc-member","subjReviewsThisResPaper":"false"}
{"resource-id":"paper-review_rc","action-id":"create","role":"subreviewer"}
{"action-id":"write","role":"pc-chair","subjReviewsThisResPaper":"false"}
{"resource-id":"paper-review-content-rating_rc","action-id":"delete","role":"pc-chair"}
{"action-id":"read","role":"subreviewer","subjReviewsThisResPaper":"false"}
{"resource-id":"paper-submission-info_rc","action-id":"read","role":"pc-chair"}
{"action-id":"read","role":"subreviewer","subjReviewsThisResPaper":"true"}
{"resource-id":"paper_rc","action-id":"delete","role":"subreviewer"}
{"action-id":"delete","role":"admin","subjReviewsThisResPaper":"true"}
{"resource-id":"paper-review-content-rating_rc","action-id":"delete","role":"pc-member"}
{"action-id":"create","role":"subreviewer","subjReviewsThisResPaper":"false"}
{"resource-id":"pcMember-info_rc","action-id":"create","role":"pc-member"}
{"action-id":"read","role":"subreviewer","subjReviewsThisResPaper":"false"}
{"resource-id":"paper-conflicts_rc","action-id":"delete","role":"admin"}
{"action-id":"delete","role":"pc-member","subjReviewsThisResPaper":"false"}
{"resource-id":"pcMember-info_rc","action-id":"write","role":"admin"}
{"action-id":"create","role":"pc-chair","subjReviewsThisResPaper":"true"}
{"resource-id":"paper-submission-file_rc","action-id":"create","role":"pc-chair"}
{"action-id":"write","role":"pc-chair","subjReviewsThisResPaper":"false"}
{"resource-id":"paper-review-info-submissionStatus_rc","action-id":"create","role":"pc-chair"}
{"action-id":"write","role":"pc-member","subjReviewsThisResPaper":"false"}
{"resource-id":"paper-submission-file_rc","action-id":"read","role":"admin"}
{"action-id":"read","role":"subreviewer","subjReviewsThisResPaper":"false"}
{"resource-id":"pcMember-conflicts_rc","action-id":"write","role":"pc-chair"}
{"action-id":"write","role":"pc-chair","subjReviewsThisResPaper":"false"}
{"resource-id":"pcMember_rc","action-id":"read","role":"pc-member"}
{"action-id":"delete","role":"admin","subjReviewsThisResPaper":"false"}
{"resource-id":"pcMember-assignments_rc","action-id":"write","role":"pc-chair"}
{"action-id":"create","role":"subreviewer","subjReviewsThisResPaper":"true"}
{"resource-id":"paper-conflicts_rc","action-id":"create","role":"pc-chair"}
{"action-id":"create","role":"pc-chair","subjReviewsThisResPaper":"false"}
{"resource-id":"paper-conflicts_rc","action-id":"write","role":"pc-chair"}
{"action-id":"read","role":"pc-member","subjReviewsThisResPaper":"false"}
{"resource-id":"conferenceInfo_rc","action-id":"read","role":"admin"}
{"action-id":"create","role":"pc-member","subjReviewsThisResPaper":"false"}
{"resource-id":"paper-submission_rc","action-id":"create","role":"admin"}
{"action-id":"delete","role":"pc-chair","subjReviewsThisResPaper":"false"}
{"resource-id":"pcMember-conflicts_rc","action-id":"write","role":"admin"}
{"action-id":"read","role":"admin","subjReviewsThisResPaper":"false"}
{"resource-id":"paper-review-content-commentsAll_rc","action-id":"create","role":"pc-chair"}
{"action-id":"create","role":"pc-member","subjReviewsThisResPaper":"true"}
{"resource-id":"paper-review-content-commentsPc_rc","action-id":"delete","role":"subreviewer"}
{"action-id":"create","role":"pc-member","subjReviewsThisResPaper":"false"}
{"resource-id":"paper-submission-file_rc","action-id":"read","role":"subreviewer"}
{"action-id":"create","role":"admin","subjReviewsThisResPaper":"true"}
{"resource-id":"paper-review-content-commentsAll_rc","action-id":"write","role":"admin"}
{"action-id":"create","role":"pc-chair","subjReviewsThisResPaper":"false"}
{"resource-id":"paper-review-content-commentsAll_rc","action-id":"delete","role":"pc-chair"}
{"action-id":"read","role":"admin","subjReviewsThisResPaper":"true"}
{"resource-id":"paper-submission_rc","action-id":"create","role":"pc-chair"}
{"action-id":"create","role":"pc-member","subjReviewsThisResPaper":"true"}
{"resource-id":"paper-submission_rc","action-id":"read","role":"pc-member"}
{"action-id":"create","role":"admin","subjReviewsThisResPaper":"true"}
{"resource-id":"conference_rc","action-id":"delete","role":"admin"}
{"action-id":"delete","role":"pc-chair","subjReviewsThisResPaper":"false"}
{"resource-id":"conference_rc","action-id":"write","role":"pc-member"}
{"action-id":"create","role":"subreviewer","subjReviewsThisResPaper":"false"}
{"resource-id":"paper-review-content_rc","action-id":"create","role":"admin"}
{"action-id":"write","role":"pc-member","subjReviewsThisResPaper":"true"}
{"resource-id":"paper-submission_rc","action-id":"create","role":"admin"}
{"action-id":"read","role":"pc-member","subjReviewsThisResPaper":"true"}
{"resource-id":"pcMember-info_rc","action-id":"read","role":"pc-member"}
{"action-id":"write","role":"admin","subjReviewsThisResPaper":"false"}
{"resource-id":"conferenceInfo_rc","action-id":"delete","role":"pc-chair"}
{"action-id":"create","role":"pc-chair","subjReviewsThisResPaper":"true"}
{"resource-id":"paper-review-content-commentsAll_rc","action-id":"write","role":"pc-member"}
{"action-id":"write","role":"pc-member","subjReviewsThisResPaper":"true"}
{"resource-id":"paper-assignments_rc","action-id":"delete","role":"pc-chair"}
{"action-id":"delete","role":"subreviewer","subjReviewsThisResPaper":"false"}
{"resource-id":"paper-review-info_rc","action-id":"write","role":"pc-member"}
{"action-id":"create","role":"pc-chair","subjReviewsThisResPaper":"false"}
{"resource-id":"paper-conflicts_rc","action-id":"write","role":"pc-chair"}
{"action-id":"delete","role":"subreviewer","subjReviewsThisResPaper":"true"}
{"resource-id":"paper-review-info-reviewer_rc","action-id":"write","role":"admin"}
{"action-id":"create","role":"subreviewer","subjReviewsThisResPaper":"true"}
{"resource-id":"paper-submission-info_rc","action-id":"read","role":"admin"}
{"action-id":"delete","role":"pc-member","subjReviewsThisResPaper":"true"}
{"resource-id":"conference_rc","action-id":"write","role":"pc-member"}
{"action-id":"read","role":"pc-chair","subjReviewsThisResPaper":"true"}
{"resource-id":"paper-review-info-submissionStatus_rc","action-id":"read","role":"admin"}
{"action-id":"write","role":"pc-member","subjReviewsThisResPaper":"false"}
{"resource-id":"pcMember-info_rc","action-id":"create","role":"subreviewer"}
{"action-id":"read","role":"pc-chair","subjReviewsThisResPaper":"false"}
{"resource-id":"pcMember-info-isChairFlag_rc","action-id":"delete","role":"subreviewer"}
{"action-id":"read","role":"admin","subjReviewsThisResPaper":"true"}
{"resource-id":"paper-submission-file_rc","action-id":"write","role":"subreviewer"}
{"action-id":"write","role":"pc-member","subjReviewsThisResPaper":"false"}
{"resource-id":"pcMember-conflicts_rc","action-id":"write","role":"pc-member"}
{"action-id":"delete","role":"pc-chair","subjReviewsThisResPaper":"true"}
{"resource-id":"pcMember_rc","action-id":"read","role":"pc-member"}
{"action-id":"read","role":"subreviewer","subjReviewsThisResPaper":"false"}
{"resource-id":"paper-review-info-reviewer_rc","action-id":"delete","role":"admin"}
{"action-id":"write","role":"pc-chair","subjReviewsThisResPaper":"true"}
{"resource-id":"pcMember-assignmentCount_rc","action-id":"write","role":"admin"}
{"action-id":"create","role":"admin","subjReviewsThisResPaper":"true"}
{"resource-id":"paper-decision_rc","action-id":"write","role":"pc-chair"}
{"action-id":"create","role":"pc-chair","subjReviewsThisResPaper":"true"}
{"resource-id":"paper-conflicts_rc","action-id":"create","role":"pc-member"}
{"action-id":"create","role":"admin","subjReviewsThisResPaper":"false"}
{"resource-id":"pcMember-info-password_rc","action-id":"create","role":"subreviewer"}
{"action-id":"write","role":"subreviewer","subjReviewsThisResPaper":"true"}
{"resource-id":"paper-review_rc","action-id":"delete","role":"subreviewer"}
{"action-id":"create","role":"pc-member","subjReviewsThisResPaper":"true"}
{"resource-id":"pcMember-info-isChairFlag_rc","action-id":"read","role":"subreviewer"}
{"action-id":"delete","role":"admin","subjReviewsThisResPaper":"true"}
{"resource-id":"pcMember-info-isChairFlag_rc","action-id":"write","role":"pc-member"}
{"action-id":"create","role":"pc-member","subjReviewsThisResPaper":"true"}
{"resource-id":"paper-conflicts_rc","action-id":"create","role":"pc-chair"}
{"action-id":"write","role":"subreviewer","subjReviewsThisResPaper":"true"}
{"resource-id":"paper-assignments_rc","action-id":"create","role":"subreviewer"}
{"action-id":"write","role":"admin","subjReviewsThisResPaper":"false"}
{"resource-id":"paper-conflicts_rc","action-id":"create","role":"pc-chair"}
{"action-id":"create","role":"admin","subjReviewsThisResPaper":"false"}
{"resource-id":"paper-review-info_rc","action-id":"write","role":"pc-member"}
{"action-id":"delete","role":"admin","subjReviewsThisResPaper":"false"}
{"resource-id":"conferenceInfo_rc","action-id":"delete","role":"pc-chair"}
{"action-id":"create","role":"pc-chair","subjReviewsThisResPaper":"false"}
{"resource-id":"paper-review-info-submissionStatus_rc","action-id":"write","role":"pc-member"}
{"action-id":"read","role":"pc-member","subjReviewsThisResPaper":"true"}
{"resource-id":"paper-review_rc","action-id":"create","role":"admin"}
{"action-id":"read","role":"pc-member","subjReviewsThisResPaper":"false"}
{"resource-id":"conference_rc","action-id":"create","role":"pc-member"}
{"action-id":"read","role":"admin","subjReviewsThisResPaper":"true"}
{"resource-id":"paper-review_rc","action-id":"create","role":"subreviewer"}
{"action-id":"delete","role":"pc-chair","subjReviewsThisResPaper":"false"}
{"resource-id":"conferenceInfo_rc","action-id":"read","role":"subreviewer"}
{"action-id":"create","role":"pc-member","subjReviewsThisResPaper":"true"}
{"resource-id":"paper-review-info-submissionStatus_rc","action-id":"write","role":"pc-chair"}
{"action-id":"read","role":"subreviewer","subjReviewsThisResPaper":"true"}
{"resource-id":"paper-review-content-rating_rc","action-id":"write","role":"pc-member"}
{"action-id":"create","role":"pc-member","subjReviewsThisResPaper":"true"}
{"resource-id":"pcMember-info-password_rc","action-id":"write","role":"pc-chair"}
{"action-id":"write","role":"pc-chair","subjReviewsThisResPaper":"true"}
{"resource-id":"isMeetingFlag_rc","action-id":"write","role":"pc-member"}
{"action-id":"create","role":"admin","subjReviewsThisResPaper":"false"}
{"resource-id":"pcMember-assignments_rc","action-id":"write","role":"subreviewer"}
{"action-id":"delete","role":"pc-member","subjReviewsThisResPaper":"false"}
{"resource-id":"isMeetingFlag_rc","action-id":"create","role":"pc-chair"}
{"action-id":"write","role":"subreviewer","subjReviewsThisResPaper":"true"}
{"resource-id":"pcMember-assignmentCount_rc","action-id":"write","role":"subreviewer"}
{"action-id":"read","role":"admin","subjReviewsThisResPaper":"true"}
{"resource-id":"paper-review-info-reviewer_rc","action-id":"create","role":"pc-chair"}
{"action-id":"read","role":"admin","subjReviewsThisResPaper":"false"}
{"resource-id":"paper-review-content-commentsPc_rc","action-id":"read","role":"subreviewer"}
{"action-id":"write","role":"pc-chair","subjReviewsThisResPaper":"false"}
{"resource-id":"paper-review-content-commentsAll_rc","action-id":"create","role":"admin"}
{"action-id":"write","role":"pc-member","subjReviewsThisResPaper":"true"}
{"resource-id":"paper-review-info-reviewer_rc","action-id":"delete","role":"subreviewer"}
{"action-id":"write","role":"pc-member","subjReviewsThisResPaper":"true"}
{"resource-id":"paper_rc","action-id":"create","role":"admin"}
{"action-id":"delete","role":"pc-member","subjReviewsThisResPaper":"true"}
{"resource-id":"paper-conflicts_rc","action-id":"create","role":"subreviewer"}
{"action-id":"read","role":"admin","subjReviewsThisResPaper":"false"}
{"resource-id":"paper_rc","action-id":"create","role":"pc-chair"}
{"action-id":"delete","role":"admin","subjReviewsThisResPaper":"false"}
{"resource-id":"paper-submission-info_rc","action-id":"delete","role":"pc-member"}
{"action-id":"create","role":"pc-member","subjReviewsThisResPaper":"false"}
{"resource-id":"pcMember-info-password_rc","action-id":"read","role":"subreviewer"}
{"action-id":"read","role":"pc-member","subjReviewsThisResPaper":"true"}
{"resource-id":"pcMember-assignmentCount_rc","action-id":"read","role":"pc-member"}
{"action-id":"write","role":"subreviewer","subjReviewsThisResPaper":"true"}
{"resource-id":"paper-review-info-submissionStatus_rc","action-id":"write","role":"pc-member"}
{"action-id":"read","role":"admin","subjReviewsThisResPaper":"true"}
{"resource-id":"paper-review-content-rating_rc","action-id":"write","role":"pc-member"}
{"action-id":"read","role":"admin","subjReviewsThisResPaper":"true"}
{"resource-id":"paper-submission-file_rc","action-id":"read","role":"pc-member"}
{"action-id":"write","role":"subreviewer","subjReviewsThisResPaper":"true"}
{"resource-id":"paper-submission-file_rc","action-id":"delete","role":"pc-chair"}
{"action-id":"create","role":"pc-member","subjReviewsThisResPaper":"true"}
{"resource-id":"paper-review_rc","action-id":"read","role":"subreviewer"}
{"action-id":"read","role":"pc-chair","subjReviewsThisResPaper":"true"}
{"resource-id":"paper-submission-file_rc","action-id":"write","role":"pc-chair"}
{"action-id":"create","role":"pc-chair","subjReviewsThisResPaper":"true"}
{"resource-id":"pcMember-conflicts_rc","action-id":"read","role":"admin"}
{"action-id":"create","role":"admin","subjReviewsThisResPaper":"true"}
{"resource-id":"paper-review-content-rating_rc","action-id":"delete","role":"admin"}
{"action-id":"create","role":"admin","subjReviewsThisResPaper":"false"}
{"resource-id":"paper-submission_rc","action-id":"read","role":"subreviewer"}
{"action-id":"write","role":"subreviewer","subjReviewsThisResPaper":"false"}
{"resource-id":"paper-review_rc","action-id":"write","role":"subreviewer"}
{"action-id":"read","role":"admin","subjReviewsThisResPaper":"false"}
{"resource-id":"pcMember-info-isChairFlag_rc","action-id":"create","role":"admin"}
{"action-id":"write","role":"pc-member","subjReviewsThisResPaper":"false"}
{"resource-id":"paper-review-content_rc","action-id":"create","role":"pc-member"}
{"action-id":"write","role":"pc-chair","subjReviewsThisResPaper":"true"}
{"resource-id":"pcMember-conflicts_rc","action-id":"delete","role":"admin"}
{"action-id":"create","role":"subreviewer","subjReviewsThisResPaper":"true"}
{"resource-id":"paper-review-info-reviewer_rc","action-id":"create","role":"pc-member"}
{"action-id":"write","role":"pc-chair","subjReviewsThisResPaper":"false"}
{"resource-id":"pcMember-conflicts_rc","action-id":"write","role":"subreviewer"}
{"action-id":"create","role":"pc-chair","subjReviewsThisResPaper":"false"}
{"resource-id":"paper-submission_rc","action-id":"delete","role":"pc-chair"}
{"action-id":"read","role":"pc-chair","subjReviewsThisResPaper":"false"}
{"resource-id":"paper-review-content_rc","action-id":"write","role":"pc-member"}
{"action-id":"read","role":"admin","subjReviewsThisResPaper":"true"}
{"resource-id":"isMeetingFlag_rc","action-id":"delete","role":"pc-chair"}
{"action-id":"write","role":"subreviewer","subjReviewsThisResPaper":"false"}
{"resource-id":"paper-submission-file_rc","action-id":"delete","role":"pc-chair"}
{"action-id":"write","role":"subreviewer","subjReviewsThisResPaper":"true"}
{"resource-id":"paper-submission_rc","action-id":"delete","role":"admin"}
{"action-id":"write","role":"pc-chair","subjReviewsThisResPaper":"false"}
{"resource-id":"paper-review-info-reviewer_rc","action-id":"read","role":"subreviewer"}
{"action-id":"create","role":"pc-member","subjReviewsThisResPaper":"false"}
{"resource-id":"paper-review-info-reviewer_rc","action-id":"write","role":"subreviewer"}
{"action-id":"create","role":"pc-member","subjReviewsThisResPaper":"false"}
{"resource-id":"paper-review-content-commentsPc_rc","action-id":"read","role":"pc-chair"}
{"action-id":"write","role":"pc-member","subjReviewsThisResPaper":"true"}
{"resource-id":"pcMember-assignmentCount_rc","action-id":"read","role":"subreviewer"}
{"action-id":"read","role":"pc-chair","subjReviewsThisResPaper":"false"}
{"resource-id":"pcMember_rc","action-id":"write","role":"subreviewer"}
{"action-id":"write","role":"subreviewer","subjReviewsThisResPaper":"false"}
{"resource-id":"pcMember-info-isChairFlag_rc","action-id":"create","role":"pc-member"}
{"action-id":"write","role":"pc-chair","subjReviewsThisResPaper":"true"}
{"resource-id":"pcMember-assignments_rc","action-id":"write","role":"subreviewer"}
{"action-id":"read","role":"subreviewer","subjReviewsThisResPaper":"true"}
{"resource-id":"paper-submission_rc","action-id":"delete","role":"admin"}
{"action-id":"read","role":"pc-member","subjReviewsThisResPaper":"false"}
{"resource-id":"paper-review-content-rating_rc","action-id":"delete","role":"admin"}
{"action-id":"delete","role":"subreviewer","subjReviewsThisResPaper":"true"}
{"resource-id":"pcMember_rc","action-id":"write","role":"admin"}
{"action-id":"create","role":"subreviewer","subjReviewsThisResPaper":"true"}
{"resource-id":"pcMember-assignmentCount_rc","action-id":"delete","role":"admin"}
{"action-id":"delete","role":"pc-member","subjReviewsThisResPaper":"true"}
{"resource-id":"pcMember_rc","action-id":"create","role":"pc-chair"}
{"action-id":"read","role":"subreviewer","subjReviewsThisResPaper":"true"}
{"resource-id":"isMeetingFlag_rc","action-id":"write","role":"pc-chair"}
{"action-id":"create","role":"pc-member","subjReviewsThisResPaper":"false"}
{"resource-id":"paper-review-content-rating_rc","action-id":"write","role":"pc-member"}
{"action-id":"read","role":"subreviewer","subjReviewsThisResPaper":"true"}
{"resource-id":"paper-review-info-reviewer_rc","action-id":"delete","role":"admin"}
{"action-id":"write","role":"admin","subjReviewsThisResPaper":"false"}
{"resource-id":"paper-review-content_rc","action-id":"create","role":"subreviewer"}
{"action-id":"delete","role":"pc-member","subjReviewsThisResPaper":"true"}
{"resource-id":"pcMember_rc","action-id":"write","role":"admin"}
{"action-id":"read","role":"subreviewer","subjReviewsThisResPaper":"true"}
{"resource-id":"pcMember_rc","action-id":"read","role":"subreviewer"}
{"action-id":"create","role":"pc-chair","subjReviewsThisResPaper":"true"}
{"resource-id":"pcMember-info-password_rc","action-id":"read","role":"subreviewer"}
{"action-id":"delete","role":"pc-chair","subjReviewsThisResPaper":"false"}
{"resource-id":"paper-submission-info_rc","action-id":"write","role":"pc-member"}
{"action-id":"create","role":"admin","subjReviewsThisResPaper":"false"}
{"resource-id":"pcMember-assignments_rc","action-id":"write","role":"pc-member"}
{"action-id":"create","role":"pc-chair","subjReviewsThisResPaper":"true"}
{"resource-id":"pcMember-assignments_rc","action-id":"read","role":"admin"}
{"action-id":"read","role":"subreviewer","subjReviewsThisResPaper":"true"}
{"resource-id":"paper-review_rc","action-id":"delete","role":"pc-chair"}
{"action-id":"create","role":"pc-member","subjReviewsThisResPaper":"true"}
{"resource-id":"paper-review_rc","action-id":"read","role":"pc-member"}
{"action-id":"read","role":"subreviewer","subjReviewsThisResPaper":"false"}
{"resource-id":"paper-review-content-commentsPc_rc","action-id":"write","role":"admin"}
{"action-id":"delete","role":"pc-member","subjReviewsThisResPaper":"false"}
{"resource-id":"pcMember-assignments_rc","action-id":"read","role":"subreviewer"}
{"action-id":"read","role":"pc-member","subjReviewsThisResPaper":"false"}
{"resource-id":"paper-submission-file_rc","action-id":"read","role":"pc-chair"}
{"action-id":"write","role":"admin","subjReviewsThisResPaper":"false"}
{"resource-id":"paper-review-content-rating_rc","action-id":"read","role":"pc-member"}
{"action-id":"delete","role":"pc-chair","subjReviewsThisResPaper":"false"}
{"resource-id":"paper-conflicts_rc","action-id":"write","role":"admin"}
{"action-id":"write","role":"subreviewer","subjReviewsThisResPaper":"true"}
{"resource-id":"paper-submission_rc","action-id":"write","role":"pc-member"}
{"action-id":"write","role":"admin","subjReviewsThisResPaper":"true"}
{"resource-id":"conference_rc","action-id":"delete","role":"admin"}
{"action-id":"delete","role":"subreviewer","subjReviewsThisResPaper":"false"}
{"resource-id":"conferenceInfo_rc","action-id":"delete","role":"pc-chair"}
{"action-id":"delete","role":"pc-member","subjReviewsThisResPaper":"false"}
{"resource-id":"paper-submission-file_rc","action-id":"read","role":"admin"}
{"action-id":"delete","role":"pc-member","subjReviewsThisResPaper":"false"}
{"resource-id":"paper-review_rc","action-id":"write","role":"subreviewer"}
{"action-id":"create","role":"pc-chair","subjReviewsThisResPaper":"false"}
{"resource-id":"paper-review-info_rc","action-id":"write","role":"subreviewer"}
{"action-id":"delete","role":"admin","subjReviewsThisResPaper":"false"}
{"resource-id":"paper-review_rc","action-id":"create","role":"admin"}
{"action-id":"read","role":"pc-chair","subjReviewsThisResPaper":"false"}
{"resource-id":"paper-review-content-commentsAll_rc","action-id":"delete","role":"pc-chair"}
{"action-id":"write","role":"subreviewer","subjReviewsThisResPaper":"false"}
{"resource-id":"paper-review_rc","action-id":"create","role":"admin"}
{"action-id":"write","role":"pc-member","subjReviewsThisResPaper":"true"}
{"resource-id":"paper_rc","action-id":"delete","role":"pc-chair"}
{"action-id":"read","role":"pc-member","subjReviewsThisResPaper":"false"}
{"resource-id":"paper-review-info-reviewer_rc","action-id":"write","role":"admin"}
{"action-id":"delete","role":"pc-member","subjReviewsThisResPaper":"true"}
{"resource-id":"pcMember-info_rc","action-id":"delete","role":"pc-member"}
{"action-id":"delete","role":"subreviewer","subjReviewsThisResPaper":"false"}
{"resource-id":"conferenceInfo_rc","action-id":"create","role":"subreviewer"}
{"action-id":"create","role":"subreviewer","subjReviewsThisResPaper":"true"}
{"resource-id":"paper-conflicts_rc","action-id":"read","role":"subreviewer"}
{"action-id":"write","role":"admin","subjReviewsThisResPaper":"true"}
{"resource-id":"isMeetingFlag_rc","action-id":"create","role":"pc-member"}
{"action-id":"delete","role":"admin","subjReviewsThisResPaper":"false"}
{"resource-id":"paper-review-info_rc","action-id":"delete","role":"pc-member"}
{"action-id":"read","role":"admin","subjReviewsThisResPaper":"true"}
{"resource-id":"pcMember-info-isChairFlag_rc","action-id":"delete","role":"admin"}
{"action-id":"delete","role":"pc-chair","subjReviewsThisResPaper":"false"}
{"resource-id":"paper-submission_rc","action-id":"write","role":"admin"}
{"action-id":"delete","role":"subreviewer","subjReviewsThisResPaper":"false"}
{"resource-id":"paper-review-content-rating_rc","action-id":"read","role":"pc-member"}
{"action-id":"read","role":"pc-member","subjReviewsThisResPaper":"false"}
{"resource-id":"conferenceInfo_rc","action-id":"create","role":"pc-member"}
{"action-id":"read","role":"subreviewer","subjReviewsThisResPaper":"true"}
{"resource-id":"paper-review-info_rc","action-id":"create","role":"pc-chair"}
{"action-id":"delete","role":"admin","subjReviewsThisResPaper":"false"}
{"resource-id":"paper-review-info-reviewer_rc","action-id":"write","role":"pc-member"}
{"action-id":"read","role":"subreviewer","subjReviewsThisResPaper":"true"}
{"resource-id":"paper-assignments_rc","action-id":"delete","role":"subreviewer"}
{"action-id":"read","role":"subreviewer","subjReviewsThisResPaper":"false"}
{"resource-id":"paper-review-info-submissionStatus_rc","action-id":"delete","role":"subreviewer"}
{"action-id":"delete","role":"pc-chair","subjReviewsThisResPaper":"false"}
{"resource-id":"paper-submission-info_rc","action-id":"delete","role":"pc-chair"}
{"action-id":"write","role":"pc-member","subjReviewsThisResPaper":"true"}
{"resource-id":"pcMember_rc","action-id":"delete","role":"subreviewer"}
{"action-id":"delete","role":"admin","subjReviewsThisResPaper":"true"}
{"resource-id":"paper-review-info-submissionStatus_rc","action-id":"delete","role":"pc-chair"}
{"action-id":"write","role":"admin","subjReviewsThisResPaper":"false"}
{"resource-id":"isMeetingFlag_rc","action-id":"read","role":"pc-chair"}
{"action-id":"create","role":"pc-member","subjReviewsThisResPaper":"false"}
{"resource-id":"pcMember_rc","action-id":"create","role":"pc-member"}
{"action-id":"create","role":"pc-member","subjReviewsThisResPaper":"true"}
{"resource-id":"paper-submission-file_rc","action-id":"write","role":"pc-member"}
{"action-id":"delete","role":"subreviewer","subjReviewsThisResPaper":"false"}
{"resource-id":"pcMember-info-isChairFlag_rc","action-id":"read","role":"admin"}
{"action-id":"create","role":"pc-member","subjReviewsThisResPaper":"false"}
{"resource-id":"pcMember-assignments_rc","action-id":"read","role":"subreviewer"}
{"action-id":"write","role":"admin","subjReviewsThisResPaper":"false"}
{"resource-id":"paper-review_rc","action-id":"create","role":"pc-chair"}
{"action-id":"read","role":"pc-chair","subjReviewsThisResPaper":"false"}
{"resource-id":"paper-assignments_rc","action-id":"write","role":"pc-member"}
{"action-id":"write","role":"pc-chair","subjReviewsThisResPaper":"false"}
{"resource-id":"paper-submission-file_rc","action-id":"create","role":"admin"}
{"action-id":"create","role":"pc-chair","subjReviewsThisResPaper":"false"}
{"resource-id":"pcMember-info-password_rc","action-id":"delete","role":"pc-member"}
{"action-id":"delete","role":"pc-chair","subjReviewsThisResPaper":"true"}
{"resource-id":"paper_rc","action-id":"create","role":"admin"}
{"action-id":"delete","role":"subreviewer","subjReviewsThisResPaper":"false"}
{"resource-id":"paper-decision_rc","action-id":"write","role":"admin"}
{"action-id":"write","role":"subreviewer","subjReviewsThisResPaper":"false"}
{"resource-id":"isMeetingFlag_rc","action-id":"delete","role":"subreviewer"}
{"action-id":"delete","role":"pc-member","subjReviewsThisResPaper":"false"}
{"resource-id":"paper-submission_rc","action-id":"write","role":"subreviewer"}
{"action-id":"delete","role":"subreviewer","subjReviewsThisResPaper":"false"}
{"resource-id":"paper-review-content-commentsPc_rc","action-id":"write","role":"pc-member"}
{"action-id":"delete","role":"pc-chair","subjReviewsThisResPaper":"false"}
{"resource-id":"paper-review-content_rc","action-id":"write","role":"subreviewer"}
{"action-id":"read","role":"pc-chair","subjReviewsThisResPaper":"true"}
{"resource-id":"paper-submission_rc","action-id":"create","role":"subreviewer"}
{"action-id":"write","role":"pc-chair","subjReviewsThisResPaper":"true"}
{"resource-id":"paper-review-content-rating_rc","action-id":"write","role":"subreviewer"}
{"action-id":"create","role":"pc-member","subjReviewsThisResPaper":"true"}
{"resource-id":"paper-review-content-commentsPc_rc","action-id":"read","role":"subreviewer"}
{"action-id":"read","role":"admin","subjReviewsThisResPaper":"false"}
{"resource-id":"paper-review_rc","action-id":"delete","role":"pc-member"}
{"action-id":"delete","role":"subreviewer","subjReviewsThisResPaper":"false"}
{"resource-id":"pcMember-info-password_rc","action-id":"write","role":"admin"}
{"action-id":"delete","role":"pc-chair","subjReviewsThisResPaper":"false"}
{"resource-id":"paper-conflicts_rc","action-id":"write","role":"admin"}
{"action-id":"write","role":"pc-chair","subjReviewsThisResPaper":"false"}
{"resource-id":"paper-conflicts_rc","action-id":"create","role":"subreviewer"}
{"action-id":"create","role":"admin","subjReviewsThisResPaper":"true"}
{"resource-id":"isMeetingFlag_rc","action-id":"create","role":"subreviewer"}
{"action-id":"create","role":"pc-chair","subjReviewsThisResPaper":"false"}
{"resource-id":"paper-review-content_rc","action-id":"read","role":"subreviewer"}
{"action-id":"read","role":"admin","subjReviewsThisResPaper":"false"}
{"resource-id":"paper-review-info-reviewer_rc","action-id":"write","role":"subreviewer"}
{"action-id":"read","role":"pc-chair","subjReviewsThisResPaper":"true"}
{"resource-id":"pcMember-assignmentCount_rc","action-id":"read","role":"subreviewer"}
{"action-id":"create","role":"subreviewer","subjReviewsThisResPaper":"false"}
{"resource-id":"paper-review_rc","action-id":"read","role":"pc-chair"}
{"action-id":"write","role":"pc-chair","subjReviewsThisResPaper":"true"}
{"resource-id":"paper-review-content-commentsAll_rc","action-id":"write","role":"pc-chair"}
{"action-id":"read","role":"pc-member","subjReviewsThisResPaper":"true"}
{"resource-id":"pcMember-info-password_rc","action-id":"write","role":"subreviewer"}
{"action-id":"create","role":"subreviewer","subjReviewsThisResPaper":"false"}
{"resource-id":"paper-conflicts_rc","action-id":"write","role":"pc-member"}
{"action-id":"create","role":"subreviewer","subjReviewsThisResPaper":"true"}
{"resource-id":"paper-submission-file_rc","action-id":"create","role":"admin"}
{"action-id":"delete","role":"admin","subjReviewsThisResPaper":"false"}
{"resource-id":"paper-conflicts_rc","action-id":"read","role":"subreviewer"}
{"action-id":"read","role":"admin","subjReviewsThisResPaper":"false"}
{"resource-id":"pcMember-assignments_rc","action-id":"create","role":"pc-chair"}
{"action-id":"read","role":"pc-chair","subjReviewsThisResPaper":"true"}
{"resource-id":"conferenceInfo_rc","action-id":"delete","role":"pc-member"}
{"action-id":"write","role":"pc-member","subjReviewsThisResPaper":"true"}
{"resource-id":"paper-conflicts_rc","action-id":"create","role":"subreviewer"}
{"action-id":"read","role":"pc-member","subjReviewsThisResPaper":"true"}
{"resource-id":"paper-submission-info_rc","action-id":"read","role":"pc-chair"}
{"action-id":"delete","role":"pc-chair","subjReviewsThisResPaper":"false"}
{"resource-id":"pcMember-assignmentCount_rc","action-id":"write","role":"pc-member"}
{"action-id":"delete","role":"subreviewer","subjReviewsThisResPaper":"true"}
{"resource-id":"isMeetingFlag_rc","action-id":"create","role":"pc-member"}
{"action-id":"write","role":"admin","subjReviewsThisResPaper":"false"}
{"resource-id":"conferenceInfo_rc","action-id":"read","role":"admin"}
{"action-id":"create","role":"pc-chair","subjReviewsThisResPaper":"false"}
{"resource-id":"paper-conflicts_rc","action-id":"create","role":"pc-chair"}
{"action-id":"write","role":"pc-member","subjReviewsThisResPaper":"false"}
{"resource-id":"paper-review-content_rc","action-id":"read","role":"pc-chair"}
{"action-id":"write","role":"pc-member","subjReviewsThisResPaper":"true"}
{"resource-id":"paper-decision_rc","action-id":"create","role":"subreviewer"}
{"action-id":"delete","role":"pc-member","subjReviewsThisResPaper":"true"}
{"resource-id":"pcMember-info_rc","action-id":"write","role":"pc-chair"}
{"action-id":"write","role":"pc-chair","subjReviewsThisResPaper":"true"}
{"resource-id":"paper-submission-file_rc","action-id":"create","role":"pc-chair"}
{"action-id":"create","role":"admin","subjReviewsThisResPaper":"false"}